fix these errors in github actions and also bring in order all github actions files: we need one file which builds and runs phpunit tests

...
Generating autoload files
60 packages you are using are looking for funding.
Use the `composer fund` command to find out more!
Run composer recipes at any time to see the status of your Symfony recipes.
Loading composer repositories with package information
Updating dependencies
Nothing to modify in lock file
Writing lock file
Installing dependencies from lock file (including require-dev)
Nothing to install, update or remove
Generating autoload files
60 packages you are using are looking for funding.
Use the `composer fund` command to find out more!
Symfony operations: 7 recipes (2b49952fffdebe971bf9049d05db5488)
  - Configuring symfony/flex (>=2.4): From github.com/symfony/recipes:main
  - Configuring symfony/framework-bundle (>=7.3): From github.com/symfony/recipes:main
  -  IGNORING  phpstan/phpstan (>=1.0): From github.com/symfony/recipes-contrib:main
  - Configuring phpunit/phpunit (>=10.0): From github.com/symfony/recipes:main
  -  IGNORING  squizlabs/php_codesniffer (>=3.6): From github.com/symfony/recipes-contrib:main
  - Configuring symfony/console (>=5.3): From github.com/symfony/recipes:main
  - Configuring symfony/routing (>=7.0): From github.com/symfony/recipes:main
Executing script cache:clear [OK]
Executing script assets:install public [OK]
              
 What's next? 
              
Some files have been created and/or updated to configure your new packages.
Please review, edit and commit them: these files are yours.
 symfony/framework-bundle  instructions:
  * Run your application:
    1. Go to the project directory
    2. Create your code repository with the git init command
    3. Download the Symfony CLI at https://symfony.com/download to install a development web server
  * Read the documentation at https://symfony.com/doc
2s
Run composer install --no-progress --no-suggest
  composer install --no-progress --no-suggest
  shell: /usr/bin/bash -e {0}
  env:
    COMPOSER_PROCESS_TIMEOUT: 0
    COMPOSER_NO_INTERACTION: 1
    COMPOSER_NO_AUDIT: 1
You are using the deprecated option "--no-suggest". It has no effect and will break in Composer 3.
Installing dependencies from lock file (including require-dev)
Verifying lock file contents can be installed on current platform.
Nothing to install, update or remove
Generating optimized autoload files
Class Dantweb\Ecommwatch\Tests\Unit\Framework\Model\BaseModelStatisticTest located in ./tests/Unit/Framework/Middleware/BaseModelStatisticTest.php does not comply with psr-4 autoloading standard (rule: Dantweb\Ecommwatch\Tests\ => ./tests). Skipping.
Class Dantweb\Ecommwatch\Tests\Framework\Middleware\DatabaseConnectorTest located in ./tests/Unit/Framework/Middleware/DatabaseConnectorTest.php does not comply with psr-4 autoloading standard (rule: Dantweb\Ecommwatch\Tests\ => ./tests). Skipping.
Class Dantweb\Ecommwatch\Framework\Tests\Unit\Framework\Middleware\RepoWritingModeTest located in ./tests/Unit/Framework/Middleware/RepoWritingModeTest.php does not comply with psr-4 autoloading standard (rule: Dantweb\Ecommwatch\Tests\ => ./tests). Skipping.
Class Dantweb\Ecommwatch\Tests\Framework\Middleware\MigrationTest located in ./tests/Unit/Framework/Middleware/MigrationTest.php does not comply with psr-4 autoloading standard (rule: Dantweb\Ecommwatch\Tests\ => ./tests). Skipping.
Class Dantweb\Ecommwatch\Framework\Tests\Middleware\BaseModelMigratorTest located in ./tests/Unit/Framework/Middleware/BaseModelMigratorTest.php does not comply with psr-4 autoloading standard (rule: Dantweb\Ecommwatch\Tests\ => ./tests). Skipping.
Class Dantweb\Ecommwatch\Framework\Tests\Unit\Framework\Middleware\RepoFactoryTest located in ./tests/Unit/Framework/Middleware/RepoFactoryTest.php does not comply with psr-4 autoloading standard (rule: Dantweb\Ecommwatch\Tests\ => ./tests). Skipping.
Class Dantweb\Ecommwatch\Framework\Tests\Unit\Framework\Middleware\TestModelClass located in ./tests/Unit/Framework/Middleware/RepoFactoryTest.php does not comply with psr-4 autoloading standard (rule: Dantweb\Ecommwatch\Tests\ => ./tests). Skipping.
Class Dantweb\Ecommwatch\App\Tests\Command\MigratePluginCommandTest located in ./tests/Unit/App/Command/MigratePluginCommandTest.php does not comply with psr-4 autoloading standard (rule: Dantweb\Ecommwatch\Tests\ => ./tests). Skipping.
Class Dantweb\Ecommwatch\App\Tests\Command\InstallPluginCommandTest located in ./tests/Unit/App/Command/InstallPluginCommandTest.php does not comply with psr-4 autoloading standard (rule: Dantweb\Ecommwatch\Tests\ => ./tests). Skipping.
Class Dantweb\Ecommwatch\App\Tests\Command\ImportModelCommandTest located in ./tests/Unit/App/Command/ImportModelCommandTest.php does not comply with psr-4 autoloading standard (rule: Dantweb\Ecommwatch\Tests\ => ./tests). Skipping.
Class Dantweb\Ecommwatch\App\Tests\Controller\DataControllerTest located in ./tests/Unit/App/Controller/DataControllerTest.php does not comply with psr-4 autoloading standard (rule: Dantweb\Ecommwatch\Tests\ => ./tests). Skipping.
Class Dantweb\Ecommwatch\App\Tests\KernelTest located in ./tests/Unit/App/KernelTest.php does not comply with psr-4 autoloading standard (rule: Dantweb\Ecommwatch\Tests\ => ./tests). Skipping.
Class Dantweb\Ecommwatch\Tests\Unit\TestSuiteHook located in ./tests/TestSuiteHook.php does not comply with psr-4 autoloading standard (rule: Dantweb\Ecommwatch\Tests\ => ./tests). Skipping.
Class Dantweb\Atomizer\Map\MapFactory located in ./src/Modules/Atomizer/src/Map/MapFactory.php does not comply with psr-4 autoloading standard (rule: Dantweb\Ecommwatch\ => ./src). Skipping.
Class Dantweb\Atomizer\Map\MapFactoryInterface located in ./src/Modules/Atomizer/src/Map/MapFactoryInterface.php does not comply with psr-4 autoloading standard (rule: Dantweb\Ecommwatch\ => ./src). Skipping.
Class Dantweb\Atomizer\Map\MapInterface located in ./src/Modules/Atomizer/src/Map/MapInterface.php does not comply with psr-4 autoloading standard (rule: Dantweb\Ecommwatch\ => ./src). Skipping.
Class Dantweb\Atomizer\Map\AbstractMap located in ./src/Modules/Atomizer/src/Map/AbstractMap.php does not comply with psr-4 autoloading standard (rule: Dantweb\Ecommwatch\ => ./src). Skipping.
Class Dantweb\Atomizer\Map\BaseMap located in ./src/Modules/Atomizer/src/Map/BaseMap.php does not comply with psr-4 autoloading standard (rule: Dantweb\Ecommwatch\ => ./src). Skipping.
Class Dantweb\Atomizer\Adapter\AdapterInterface located in ./src/Modules/Atomizer/src/Adapter/AdapterInterface.php does not comply with psr-4 autoloading standard (rule: Dantweb\Ecommwatch\ => ./src). Skipping.
Class Dantweb\Atomizer\Adapter\BaseAdapter located in ./src/Modules/Atomizer/src/Adapter/BaseAdapter.php does not comply with psr-4 autoloading standard (rule: Dantweb\Ecommwatch\ => ./src). Skipping.
Class Dantweb\Atomizer\Adapter\AbstractAdapter located in ./src/Modules/Atomizer/src/Adapter/AbstractAdapter.php does not comply with psr-4 autoloading standard (rule: Dantweb\Ecommwatch\ => ./src). Skipping.
Class Dantweb\Atomizer\EcwModel\EcwModelFactoryInterface located in ./src/Modules/Atomizer/src/EcwModel/EcwModelFactoryInterface.php does not comply with psr-4 autoloading standard (rule: Dantweb\Ecommwatch\ => ./src). Skipping.
Class Dantweb\Atomizer\EcwModel\AbstractEcwModel located in ./src/Modules/Atomizer/src/EcwModel/AbstractEcwModel.php does not comply with psr-4 autoloading standard (rule: Dantweb\Ecommwatch\ => ./src). Skipping.
Class Dantweb\Atomizer\EcwModel\EcwModelInterface located in ./src/Modules/Atomizer/src/EcwModel/EcwModelInterface.php does not comply with psr-4 autoloading standard (rule: Dantweb\Ecommwatch\ => ./src). Skipping.
Class Dantweb\Atomizer\EcwModel\EcwModelFactory located in ./src/Modules/Atomizer/src/EcwModel/EcwModelFactory.php does not comply with psr-4 autoloading standard (rule: Dantweb\Ecommwatch\ => ./src). Skipping.
Class Dantweb\Atomizer\AtomizerModel\Atom located in ./src/Modules/Atomizer/src/AtomizerModel/Atom.php does not comply with psr-4 autoloading standard (rule: Dantweb\Ecommwatch\ => ./src). Skipping.
Class Dantweb\Atomizer\AtomizerModel\BaseModel located in ./src/Modules/Atomizer/src/AtomizerModel/BaseModel.php does not comply with psr-4 autoloading standard (rule: Dantweb\Ecommwatch\ => ./src). Skipping.
Class Dantweb\Atomizer\AtomizerModel\Matrix located in ./src/Modules/Atomizer/src/AtomizerModel/Matrix.php does not comply with psr-4 autoloading standard (rule: Dantweb\Ecommwatch\ => ./src). Skipping.
Class Dantweb\Atomizer\AtomizerModel\AbstractModel located in ./src/Modules/Atomizer/src/AtomizerModel/AbstractModel.php does not comply with psr-4 autoloading standard (rule: Dantweb\Ecommwatch\ => ./src). Skipping.
Class Dantweb\Atomizer\AtomizerModel\Vector located in ./src/Modules/Atomizer/src/AtomizerModel/Vector.php does not comply with psr-4 autoloading standard (rule: Dantweb\Ecommwatch\ => ./src). Skipping.
Class Dantweb\Atomizer\AtomizerModel\ModelInterface located in ./src/Modules/Atomizer/src/AtomizerModel/ModelInterface.php does not comply with psr-4 autoloading standard (rule: Dantweb\Ecommwatch\ => ./src). Skipping.
Class Dantweb\Atomizer\DataPassport\DataPassport located in ./src/Modules/Atomizer/src/DataPassport/DataPassport.php does not comply with psr-4 autoloading standard (rule: Dantweb\Ecommwatch\ => ./src). Skipping.
Class Dantweb\Atomizer\Tests\Modules\Atomizer\Adapter\ExtendedAdapterTest located in ./src/Modules/Atomizer/tests/Unit/Adapter/ExtendedAdapterTest.php does not comply with psr-4 autoloading standard (rule: Dantweb\Ecommwatch\ => ./src). Skipping.
Class Dantweb\Atomizer\Tests\Unit\Core\Adapter\BaseAdapterRealMapTest located in ./src/Modules/Atomizer/tests/Unit/Adapter/BaseAdapterRealMapTest.php does not comply with psr-4 autoloading standard (rule: Dantweb\Ecommwatch\ => ./src). Skipping.
Class Dantweb\Atomizer\Tests\Modules\Atomizer\Adapter\DummyMap located in ./src/Modules/Atomizer/tests/Unit/Adapter/BaseAdapterTest.php does not comply with psr-4 autoloading standard (rule: Dantweb\Ecommwatch\ => ./src). Skipping.
Class Dantweb\Atomizer\Tests\Modules\Atomizer\Adapter\BaseAdapterTest located in ./src/Modules/Atomizer/tests/Unit/Adapter/BaseAdapterTest.php does not comply with psr-4 autoloading standard (rule: Dantweb\Ecommwatch\ => ./src). Skipping.
Class Dantweb\Atomizer\Tests\Unit\Core\Adapter\BaseAdapterCsvTest located in ./src/Modules/Atomizer/tests/Unit/Adapter/BaseAdapterCsvTest.php does not comply with psr-4 autoloading standard (rule: Dantweb\Ecommwatch\ => ./src). Skipping.
Class App\src\Modules\Atomizer\tests\Unit\EcwModel\EcwModelFactoryTest located in ./src/Modules/Atomizer/tests/Unit/EcwModel/EcwModelFactoryTest.php does not comply with psr-4 autoloading standard (rule: Dantweb\Ecommwatch\ => ./src). Skipping.
Class Dantweb\Atomizer\Tests\Unit\EcwModel\BaseUnitTestCase located in ./src/Modules/Atomizer/tests/Unit/EcwModel/BaseUnitTestCase.php does not comply with psr-4 autoloading standard (rule: Dantweb\Ecommwatch\ => ./src). Skipping.
Class Dantweb\Atomizer\Tests\AtomizerModel\MatrixTest located in ./src/Modules/Atomizer/tests/Unit/AtomizerModel/MatrixTest.php does not comply with psr-4 autoloading standard (rule: Dantweb\Ecommwatch\ => ./src). Skipping.
77 packages you are using are looking for funding.
Use the `composer fund` command to find out more!
0s
Run composer test
PHPUnit 10.5.46 by Sebastian Bergmann and contributors.
Runtime:       PHP 8.2.28
Configuration: /home/runner/work/ecwatch-web/ecwatch-web/phpunit.dist.xml
EEEE                                                                4 / 4 (100%)
Time: 00:00.016, Memory: 10.00 MB
There were 4 errors:
1) Dantweb\EcwServer\Tests\Controller\ApiControllerTest::testGetApi
RuntimeException: Class "Dantweb\\EcwServer\\Kernel" doesn't exist or cannot be autoloaded. Check that the KERNEL_CLASS value in phpunit.xml matches the fully-qualified class name of your Kernel or override the "Dantweb\EcwServer\Tests\Controller\ApiControllerTest::createKernel()" method.
/home/runner/work/ecwatch-web/ecwatch-web/vendor/symfony/framework-bundle/Test/KernelTestCase.php:61
/home/runner/work/ecwatch-web/ecwatch-web/vendor/symfony/framework-bundle/Test/KernelTestCase.php:113
/home/runner/work/ecwatch-web/ecwatch-web/vendor/symfony/framework-bundle/Test/KernelTestCase.php:74
/home/runner/work/ecwatch-web/ecwatch-web/vendor/symfony/framework-bundle/Test/WebTestCase.php:44
/home/runner/work/ecwatch-web/ecwatch-web/tests/Controller/ApiControllerTest.php:13
2) Dantweb\EcwServer\Tests\Controller\ApiControllerTest::testPostApi
RuntimeException: Class "Dantweb\\EcwServer\\Kernel" doesn't exist or cannot be autoloaded. Check that the KERNEL_CLASS value in phpunit.xml matches the fully-qualified class name of your Kernel or override the "Dantweb\EcwServer\Tests\Controller\ApiControllerTest::createKernel()" method.
/home/runner/work/ecwatch-web/ecwatch-web/vendor/symfony/framework-bundle/Test/KernelTestCase.php:61
/home/runner/work/ecwatch-web/ecwatch-web/vendor/symfony/framework-bundle/Test/KernelTestCase.php:113
/home/runner/work/ecwatch-web/ecwatch-web/vendor/symfony/framework-bundle/Test/KernelTestCase.php:74
/home/runner/work/ecwatch-web/ecwatch-web/vendor/symfony/framework-bundle/Test/WebTestCase.php:44
/home/runner/work/ecwatch-web/ecwatch-web/tests/Controller/ApiControllerTest.php:26
3) Dantweb\EcwServer\Tests\Controller\DataControllerTest::testGetData
RuntimeException: Class "Dantweb\\EcwServer\\Kernel" doesn't exist or cannot be autoloaded. Check that the KERNEL_CLASS value in phpunit.xml matches the fully-qualified class name of your Kernel or override the "Dantweb\EcwServer\Tests\Controller\DataControllerTest::createKernel()" method.
/home/runner/work/ecwatch-web/ecwatch-web/vendor/symfony/framework-bundle/Test/KernelTestCase.php:61
/home/runner/work/ecwatch-web/ecwatch-web/vendor/symfony/framework-bundle/Test/KernelTestCase.php:113
/home/runner/work/ecwatch-web/ecwatch-web/vendor/symfony/framework-bundle/Test/KernelTestCase.php:74
/home/runner/work/ecwatch-web/ecwatch-web/vendor/symfony/framework-bundle/Test/WebTestCase.php:44
/home/runner/work/ecwatch-web/ecwatch-web/tests/Controller/DataControllerTest.php:13
4) Dantweb\EcwServer\Tests\Controller\UserControllerTest::testGetUserData
RuntimeException: Class "Dantweb\\EcwServer\\Kernel" doesn't exist or cannot be autoloaded. Check that the KERNEL_CLASS value in phpunit.xml matches the fully-qualified class name of your Kernel or override the "Dantweb\EcwServer\Tests\Controller\UserControllerTest::createKernel()" method.
/home/runner/work/ecwatch-web/ecwatch-web/vendor/symfony/framework-bundle/Test/KernelTestCase.php:61
/home/runner/work/ecwatch-web/ecwatch-web/vendor/symfony/framework-bundle/Test/KernelTestCase.php:113
/home/runner/work/ecwatch-web/ecwatch-web/vendor/symfony/framework-bundle/Test/KernelTestCase.php:74
/home/runner/work/ecwatch-web/ecwatch-web/vendor/symfony/framework-bundle/Test/WebTestCase.php:44
/home/runner/work/ecwatch-web/ecwatch-web/tests/Controller/UserControllerTest.php:13
ERRORS!
Tests: 4, Assertions: 0, Errors: 4.
Script phpunit handling the test event returned with error code 2
Error: Process completed with exit code 2.
1s
Post job cleanup.
/usr/bin/git version
git version 2.49.0
Temporarily overriding HOME='/home/runner/work/_temp/7eb6b7c2-c74e-481f-aa88-fdf3489ae9c2' before making global git config changes
Adding repository directory to the temporary git global config as a safe directory
/usr/bin/git config --global --add safe.directory /home/runner/work/ecwatch-web/ecwatch-web
/usr/bin/git config --local --name-only --get-regexp core\.sshCommand
/usr/bin/git submodule foreach --recursive sh -c "git config --local --name-only --get-regexp 'core\.sshCommand' && git config --local --unset-all 'core.sshCommand' || :"
/usr/bin/git config --local --name-only --get-regexp http\.https\:\/\/github\.com\/\.extraheader
http.https://github.com/.extraheader
/usr/bin/git config --local --unset-all http.https://github.com/.extraheader
/usr/bin/git submodule foreach --recursive sh -c "git config --local --name-only --get-regexp 'http\.https\:\/\/github\.com\/\.extraheader' && git config --local --unset-all 'http.https://github.com/.extraheader' || :"

